0 info it worked if it ends with ok
1 verbose cli [ '/Users/coty/.nvm/versions/node/v6.9.4/bin/node',
1 verbose cli   '/Users/coty/.nvm/versions/node/v6.9.4/lib/node_modules/npm/bin/npm-cli.js',
1 verbose cli   'run',
1 verbose cli   'run',
1 verbose cli   '--scripts-prepend-node-path=auto' ]
2 info using npm@3.10.10
3 info using node@v6.9.4
4 verbose run-script [ 'prerun', 'run', 'postrun' ]
5 info lifecycle brand-router@1.0.0~prerun: brand-router@1.0.0
6 silly lifecycle brand-router@1.0.0~prerun: no script for prerun, continuing
7 info lifecycle brand-router@1.0.0~run: brand-router@1.0.0
8 verbose lifecycle brand-router@1.0.0~run: unsafe-perm in lifecycle true
9 verbose lifecycle brand-router@1.0.0~run: PATH: /Users/coty/.nvm/versions/node/v6.9.4/lib/node_modules/npm/bin/node-gyp-bin:/Users/coty/WebstormProjects/brand/server/node_modules/.bin:/Library/Frameworks/Python.framework/Versions/3.6/bin:/Library/Frameworks/Python.framework/Versions/3.6/bin:/Users/coty/.rvm/gems/ruby-2.0.0-p648/bin:/Users/coty/.rvm/gems/ruby-2.0.0-p648@global/bin:/Users/coty/.rvm/rubies/ruby-2.0.0-p648/bin:/Users/coty/.nvm/versions/node/v6.9.4/bin:/Users/coty/.rbenv/shims:“/Users/coty/WebstormProjects/demeter:/usr/local/bin:/usr/bin:/bin:/usr/sbin:/sbin:/Library/Frameworks/Mono.framework/Versions/Current/Commands:/Applications/Wireshark.app/Contents/MacOS:bin”:/Users/coty/.rvm/bin
10 verbose lifecycle brand-router@1.0.0~run: CWD: /Users/coty/WebstormProjects/brand/server
11 silly lifecycle brand-router@1.0.0~run: Args: [ '-c', 'node brandkit.js' ]
12 silly lifecycle brand-router@1.0.0~run: Returned: code: 1  signal: null
13 info lifecycle brand-router@1.0.0~run: Failed to exec run script
14 verbose stack Error: brand-router@1.0.0 run: `node brandkit.js`
14 verbose stack Exit status 1
14 verbose stack     at EventEmitter.<anonymous> (/Users/coty/.nvm/versions/node/v6.9.4/lib/node_modules/npm/lib/utils/lifecycle.js:255:16)
14 verbose stack     at emitTwo (events.js:106:13)
14 verbose stack     at EventEmitter.emit (events.js:191:7)
14 verbose stack     at ChildProcess.<anonymous> (/Users/coty/.nvm/versions/node/v6.9.4/lib/node_modules/npm/lib/utils/spawn.js:40:14)
14 verbose stack     at emitTwo (events.js:106:13)
14 verbose stack     at ChildProcess.emit (events.js:191:7)
14 verbose stack     at maybeClose (internal/child_process.js:877:16)
14 verbose stack     at Process.ChildProcess._handle.onexit (internal/child_process.js:226:5)
15 verbose pkgid brand-router@1.0.0
16 verbose cwd /Users/coty/WebstormProjects/brand/server
17 error Darwin 18.2.0
18 error argv "/Users/coty/.nvm/versions/node/v6.9.4/bin/node" "/Users/coty/.nvm/versions/node/v6.9.4/lib/node_modules/npm/bin/npm-cli.js" "run" "run" "--scripts-prepend-node-path=auto"
19 error node v6.9.4
20 error npm  v3.10.10
21 error code ELIFECYCLE
22 error brand-router@1.0.0 run: `node brandkit.js`
22 error Exit status 1
23 error Failed at the brand-router@1.0.0 run script 'node brandkit.js'.
23 error Make sure you have the latest version of node.js and npm installed.
23 error If you do, this is most likely a problem with the brand-router package,
23 error not with npm itself.
23 error Tell the author that this fails on your system:
23 error     node brandkit.js
23 error You can get information on how to open an issue for this project with:
23 error     npm bugs brand-router
23 error Or if that isn't available, you can get their info via:
23 error     npm owner ls brand-router
23 error There is likely additional logging output above.
24 verbose exit [ 1, true ]
